2025-06-09 14:53:10,680 INFO o.a.j.u.JMeterUtils: Setting Locale to en_EN
2025-06-09 14:53:10,690 INFO o.a.j.JMeter: Loading user properties from: C:\Downloads\apache-jmeter-5.6.3\bin\user.properties
2025-06-09 14:53:10,691 INFO o.a.j.JMeter: Loading system properties from: C:\Downloads\apache-jmeter-5.6.3\bin\system.properties
2025-06-09 14:53:10,697 INFO o.a.j.JMeter: Copyright (c) 1998-2024 The Apache Software Foundation
2025-06-09 14:53:10,697 INFO o.a.j.JMeter: Version 5.6.3
2025-06-09 14:53:10,697 INFO o.a.j.JMeter: java.version=1.8.0_391
2025-06-09 14:53:10,697 INFO o.a.j.JMeter: java.vm.name=Java HotSpot(TM) 64-Bit Server VM
2025-06-09 14:53:10,697 INFO o.a.j.JMeter: os.name=Windows 11
2025-06-09 14:53:10,697 INFO o.a.j.JMeter: os.arch=amd64
2025-06-09 14:53:10,697 INFO o.a.j.JMeter: os.version=10.0
2025-06-09 14:53:10,697 INFO o.a.j.JMeter: file.encoding=GBK
2025-06-09 14:53:10,697 INFO o.a.j.JMeter: java.awt.headless=null
2025-06-09 14:53:10,697 INFO o.a.j.JMeter: Max memory     =1073741824
2025-06-09 14:53:10,697 INFO o.a.j.JMeter: Available Processors =12
2025-06-09 14:53:10,700 INFO o.a.j.JMeter: Default Locale=English (EN)
2025-06-09 14:53:10,701 INFO o.a.j.JMeter: JMeter  Locale=English (EN)
2025-06-09 14:53:10,701 INFO o.a.j.JMeter: JMeterHome=C:\Downloads\apache-jmeter-5.6.3
2025-06-09 14:53:10,701 INFO o.a.j.JMeter: user.dir  =C:\Users\Chamgent\Desktop\test&maintain\j-boutique
2025-06-09 14:53:10,701 INFO o.a.j.JMeter: PWD       =C:\Users\Chamgent\Desktop\test&maintain\j-boutique
2025-06-09 14:53:10,703 INFO o.a.j.JMeter: IP: 172.23.144.1 Name: DESKTOP-QDAATL2 FullName: DESKTOP-QDAATL2.mshome.net
2025-06-09 14:53:10,722 INFO o.a.j.JMeter: Loaded icon properties from org/apache/jmeter/images/icon.properties
2025-06-09 14:53:10,855 INFO o.a.j.JMeterGuiLauncher: Setting LAF to: com.github.weisj.darklaf.DarkLaf:com.github.weisj.darklaf.theme.DarculaTheme
2025-06-09 14:53:11,748 INFO o.a.j.r.ClassFinder: Will scan jar C:\Downloads\apache-jmeter-5.6.3\lib\ext\jmeter-plugins-webdriver-4.13.0.2.jar with filter ExtendsClassFilter [parents=[interface org.apache.jmeter.gui.action.Command], inner=false, contains=null, notContains=null]. Consider exposing JMeter plugins via META-INF/services, and add JMeter-Skip-Class-Scanning=true manifest attribute so JMeter can skip classfile scanning
2025-06-09 14:53:11,773 INFO o.a.j.r.ClassFinder: Will scan jar C:\Downloads\apache-jmeter-5.6.3\lib\ext\jmeter-plugins-manager-1.11.jar with filter ExtendsClassFilter [parents=[interface org.apache.jmeter.gui.action.Command], inner=false, contains=null, notContains=null]. Consider exposing JMeter plugins via META-INF/services, and add JMeter-Skip-Class-Scanning=true manifest attribute so JMeter can skip classfile scanning
2025-06-09 14:53:11,959 INFO o.a.j.r.ClassFinder: Will scan jar C:\Downloads\apache-jmeter-5.6.3\lib\ext\jmeter-plugins-webdriver-4.13.0.2.jar with filter ExtendsClassFilter [parents=[interface org.apache.jmeter.gui.plugin.MenuCreator], inner=false, contains=null, notContains=null]. Consider exposing JMeter plugins via META-INF/services, and add JMeter-Skip-Class-Scanning=true manifest attribute so JMeter can skip classfile scanning
2025-06-09 14:53:11,961 INFO o.a.j.r.ClassFinder: Will scan jar C:\Downloads\apache-jmeter-5.6.3\lib\ext\jmeter-plugins-manager-1.11.jar with filter ExtendsClassFilter [parents=[interface org.apache.jmeter.gui.plugin.MenuCreator], inner=false, contains=null, notContains=null]. Consider exposing JMeter plugins via META-INF/services, and add JMeter-Skip-Class-Scanning=true manifest attribute so JMeter can skip classfile scanning
2025-06-09 14:53:12,740 INFO o.j.r.JARSourceHTTP: Found cached repo
2025-06-09 14:53:13,011 INFO o.j.r.PluginManager: Plugins Status: [jpgc-plugins-manager=1.11, jpgc-webdriver=4.13.0.2, jmeter-core=5.6.3, jmeter-ftp=5.6.3, jmeter-http=5.6.3, jmeter-jdbc=5.6.3, jmeter-jms=5.6.3, jmeter-junit=5.6.3, jmeter-java=5.6.3, jmeter-ldap=5.6.3, jmeter-mail=5.6.3, jmeter-mongodb=5.6.3, jmeter-native=5.6.3, jmeter-tcp=5.6.3, jmeter-components=5.6.3]
2025-06-09 14:53:22,982 INFO o.a.j.s.FileServer: Default base='C:\Users\Chamgent\Desktop\test&maintain\j-boutique'
2025-06-09 14:53:22,984 INFO o.a.j.g.a.Load: Loading file: C:\Users\Chamgent\Desktop\test&maintain\j-boutique\j-boutique - 副本 (2).jmx
2025-06-09 14:53:22,984 INFO o.a.j.s.FileServer: Set new base='C:\Users\Chamgent\Desktop\test&maintain\j-boutique'
2025-06-09 14:53:23,168 INFO o.a.j.s.SaveService: Testplan (JMX) version: 2.2. Testlog (JTL) version: 2.2
2025-06-09 14:53:23,174 INFO o.a.j.s.SaveService: Using SaveService properties file encoding UTF-8
2025-06-09 14:53:23,175 INFO o.a.j.s.SaveService: Using SaveService properties version 5.0
2025-06-09 14:53:23,178 INFO o.a.j.s.SaveService: Loading file: C:\Users\Chamgent\Desktop\test&maintain\j-boutique\j-boutique - 副本 (2).jmx
2025-06-09 14:53:23,323 INFO o.a.j.p.h.s.HTTPSamplerBase: Parser for text/html is org.apache.jmeter.protocol.http.parser.LagartoBasedHtmlParser
2025-06-09 14:53:23,324 INFO o.a.j.p.h.s.HTTPSamplerBase: Parser for application/xhtml+xml is org.apache.jmeter.protocol.http.parser.LagartoBasedHtmlParser
2025-06-09 14:53:23,324 INFO o.a.j.p.h.s.HTTPSamplerBase: Parser for application/xml is org.apache.jmeter.protocol.http.parser.LagartoBasedHtmlParser
2025-06-09 14:53:23,324 INFO o.a.j.p.h.s.HTTPSamplerBase: Parser for text/xml is org.apache.jmeter.protocol.http.parser.LagartoBasedHtmlParser
2025-06-09 14:53:23,324 INFO o.a.j.p.h.s.HTTPSamplerBase: Parser for text/vnd.wap.wml is org.apache.jmeter.protocol.http.parser.RegexpHTMLParser
2025-06-09 14:53:23,324 INFO o.a.j.p.h.s.HTTPSamplerBase: Parser for text/css is org.apache.jmeter.protocol.http.parser.CssParser
2025-06-09 14:53:23,650 INFO o.a.j.s.FileServer: Set new base='C:\Users\Chamgent\Desktop\test&maintain\j-boutique'
